mode: set
github.com/haguru/martian/pkg/db/redisclient.go:28.60,30.17 2 0
github.com/haguru/martian/pkg/db/redisclient.go:66.2,66.50 1 0
github.com/haguru/martian/pkg/db/redisclient.go:70.2,70.24 1 0
github.com/haguru/martian/pkg/db/redisclient.go:30.17,36.42 3 0
github.com/haguru/martian/pkg/db/redisclient.go:50.3,51.28 2 0
github.com/haguru/martian/pkg/db/redisclient.go:54.3,62.4 1 0
github.com/haguru/martian/pkg/db/redisclient.go:36.42,40.18 2 0
github.com/haguru/martian/pkg/db/redisclient.go:47.4,47.59 1 0
github.com/haguru/martian/pkg/db/redisclient.go:40.18,42.19 2 0
github.com/haguru/martian/pkg/db/redisclient.go:42.19,44.6 1 0
github.com/haguru/martian/pkg/db/redisclient.go:51.28,53.4 1 0
github.com/haguru/martian/pkg/db/redisclient.go:66.50,68.3 1 0
github.com/haguru/martian/pkg/db/redisclient.go:73.55,75.2 1 0
github.com/haguru/martian/pkg/db/redisclient.go:77.65,79.16 2 0
github.com/haguru/martian/pkg/db/redisclient.go:82.2,82.24 1 0
github.com/haguru/martian/pkg/db/redisclient.go:79.16,81.3 1 0
github.com/haguru/martian/pkg/db/redisclient.go:85.42,87.2 1 0
github.com/haguru/martian/pkg/db/redisdb.go:13.67,19.16 3 0
github.com/haguru/martian/pkg/db/redisdb.go:22.2,22.15 1 0
github.com/haguru/martian/pkg/db/redisdb.go:26.2,26.16 1 0
github.com/haguru/martian/pkg/db/redisdb.go:19.16,21.3 1 0
github.com/haguru/martian/pkg/db/redisdb.go:22.15,24.3 1 0
github.com/haguru/martian/pkg/db/redisdb.go:29.71,31.15 2 0
github.com/haguru/martian/pkg/db/redisdb.go:35.2,35.18 1 0
github.com/haguru/martian/pkg/db/redisdb.go:39.2,41.12 2 0
github.com/haguru/martian/pkg/db/redisdb.go:31.15,33.3 1 0
github.com/haguru/martian/pkg/db/redisdb.go:35.18,37.3 1 0
github.com/haguru/martian/pkg/db/redisdb.go:44.94,46.15 2 0
github.com/haguru/martian/pkg/db/redisdb.go:50.2,50.18 1 0
github.com/haguru/martian/pkg/db/redisdb.go:54.2,58.12 4 0
github.com/haguru/martian/pkg/db/redisdb.go:46.15,48.3 1 0
github.com/haguru/martian/pkg/db/redisdb.go:50.18,52.3 1 0
github.com/haguru/martian/pkg/db/redisdb.go:62.72,64.15 2 0
github.com/haguru/martian/pkg/db/redisdb.go:68.2,68.18 1 0
github.com/haguru/martian/pkg/db/redisdb.go:72.2,73.16 2 0
github.com/haguru/martian/pkg/db/redisdb.go:77.2,77.19 1 0
github.com/haguru/martian/pkg/db/redisdb.go:64.15,66.3 1 0
github.com/haguru/martian/pkg/db/redisdb.go:68.18,70.3 1 0
github.com/haguru/martian/pkg/db/redisdb.go:73.16,75.3 1 0
github.com/haguru/martian/pkg/db/redisdb.go:81.81,83.15 2 0
github.com/haguru/martian/pkg/db/redisdb.go:87.2,87.18 1 0
github.com/haguru/martian/pkg/db/redisdb.go:91.2,92.16 2 0
github.com/haguru/martian/pkg/db/redisdb.go:96.2,96.19 1 0
github.com/haguru/martian/pkg/db/redisdb.go:83.15,85.3 1 0
github.com/haguru/martian/pkg/db/redisdb.go:87.18,89.3 1 0
github.com/haguru/martian/pkg/db/redisdb.go:92.16,94.3 1 0
github.com/haguru/martian/pkg/db/redisdb.go:100.65,102.15 2 0
github.com/haguru/martian/pkg/db/redisdb.go:106.2,106.18 1 0
github.com/haguru/martian/pkg/db/redisdb.go:110.2,111.16 2 0
github.com/haguru/martian/pkg/db/redisdb.go:115.2,115.19 1 0
github.com/haguru/martian/pkg/db/redisdb.go:102.15,104.3 1 0
github.com/haguru/martian/pkg/db/redisdb.go:106.18,108.3 1 0
github.com/haguru/martian/pkg/db/redisdb.go:111.16,113.3 1 0
github.com/haguru/martian/pkg/db/redisdb.go:118.60,120.15 2 0
github.com/haguru/martian/pkg/db/redisdb.go:124.2,124.18 1 0
github.com/haguru/martian/pkg/db/redisdb.go:128.2,130.12 2 0
github.com/haguru/martian/pkg/db/redisdb.go:120.15,122.3 1 0
github.com/haguru/martian/pkg/db/redisdb.go:124.18,126.3 1 0
github.com/haguru/martian/pkg/db/redisdb.go:133.68,135.15 2 0
github.com/haguru/martian/pkg/db/redisdb.go:139.2,140.16 2 0
github.com/haguru/martian/pkg/db/redisdb.go:144.2,144.19 1 0
github.com/haguru/martian/pkg/db/redisdb.go:135.15,137.3 1 0
github.com/haguru/martian/pkg/db/redisdb.go:140.16,142.3 1 0
github.com/haguru/martian/pkg/db/redisdb.go:147.72,149.15 2 0
github.com/haguru/martian/pkg/db/redisdb.go:153.2,153.18 1 0
github.com/haguru/martian/pkg/db/redisdb.go:157.2,159.12 2 0
github.com/haguru/martian/pkg/db/redisdb.go:149.15,151.3 1 0
github.com/haguru/martian/pkg/db/redisdb.go:153.18,155.3 1 0
github.com/haguru/martian/pkg/db/redisdb.go:161.75,163.2 1 0
